[2022-02-06 12:17:55.228337]Traceback (most recent call last):
  File ".\server.py", line 37, in __init__
    self.listener.bind((ip, port))  # 绑定ip、端口
OSError: [WinError 10048] 通常每个套接字地址(协议/网络地址/端口)只允许使用一次。
[2022-02-06 12:20:14.726008]Traceback (most recent call last):
  File ".\server.py", line 96, in recv_data
    bytes = self.socket.recv(4096)  # 我们这里只做一个简单的服务端框架，只做粘包不做分包处理。
ConnectionResetError: [WinError 10054] 远程主机强迫关闭了一个现有的连接。
[2022-02-06 12:22:55.932634]Traceback (most recent call last):
  File ".\server.py", line 96, in recv_data
    bytes = self.socket.recv(4096)  # 我们这里只做一个简单的服务端框架，只做粘包不做分包处理。
ConnectionResetError: [WinError 10054] 远程主机强迫关闭了一个现有的连接。
[2022-02-06 12:25:45.807961]Traceback (most recent call last):
  File ".\server.py", line 96, in recv_data
    bytes = self.socket.recv(4096)  # 我们这里只做一个简单的服务端框架，只做粘包不做分包处理。
ConnectionResetError: [WinError 10054] 远程主机强迫关闭了一个现有的连接。
[2022-02-06 12:27:55.111147]Traceback (most recent call last):
  File ".\server.py", line 96, in recv_data
    bytes = self.socket.recv(4096)  # 我们这里只做一个简单的服务端框架，只做粘包不做分包处理。
ConnectionResetError: [WinError 10054] 远程主机强迫关闭了一个现有的连接。
[2022-02-06 12:29:06.215186]Traceback (most recent call last):
  File ".\server.py", line 96, in recv_data
    bytes = self.socket.recv(4096)  # 我们这里只做一个简单的服务端框架，只做粘包不做分包处理。
ConnectionResetError: [WinError 10054] 远程主机强迫关闭了一个现有的连接。
